<?xml version="1.0" encoding="UTF-8"?>
<!-- Generated by org.testng.reporters.JUnitXMLReporter -->
<testsuite ignored="0" hostname="Mohd" failures="0" tests="8" name="Free CRM App Test Cases" time="51.641" errors="0" timestamp="2025-05-12T14:17:28 EDT">
  <testcase classname="com.crm.qa.testcases.LaunchPageTest" name="LaunchPageTitleTest" time="0.013"/>
  <testcase classname="com.crm.qa.testcases.LaunchPageTest" name="LaunchPageFacebookLogoTest" time="0.029"/>
  <testcase classname="com.crm.qa.testcases.LaunchPageTest" name="LaunchPageStartHereTest" time="1.63"/>
  <testcase classname="com.crm.qa.testcases.LoginPageTest" name="LoginPageTitleTest" time="0.006"/>
  <testcase classname="com.crm.qa.testcases.LoginPageTest" name="LoginTest" time="0.178"/>
  <testcase classname="com.crm.qa.testcases.HomePageTest" name="validateHomePageTitleTest" time="0.004"/>
  <testcase classname="com.crm.qa.testcases.HomePageTest" name="verifyCorrectUserNameTest" time="0.746"/>
  <testcase classname="com.crm.qa.testcases.HomePageTest" name="verifyContactsLinkTest" time="0.763"/>
</testsuite> <!-- Free CRM App Test Cases -->
