<?xml version="1.0" encoding="UTF-8"?>
<testng-results ignored="0" total="2" passed="2" failed="0" skipped="0">
  <reporter-output>
  </reporter-output>
  <suite started-at="2025-05-12T16:04:55 EDT" name="Free CRM Application Test Automation Test Suite" finished-at="2025-05-12T16:05:10 EDT" duration-ms="14639">
    <groups>
    </groups>
    <test started-at="2025-05-12T16:04:55 EDT" name="Free CRM App Test Cases" finished-at="2025-05-12T16:05:10 EDT" duration-ms="14639">
      <class name="com.crm.qa.testcases.LoginPageTest">
        <test-method is-config="true" signature="setUp()[pri:0, instance:com.crm.qa.testcases.LoginPageTest@5b247367]" started-at="2025-05-12T16:04:55 EDT" name="setUp" finished-at="2025-05-12T16:05:02 EDT" duration-ms="7132" status="PASS">
          <reporter-output>
          </reporter-output>
        </test-method> <!-- setUp -->
        <test-method signature="LoginPageTitleTest()[pri:1, instance:com.crm.qa.testcases.LoginPageTest@5b247367]" started-at="2025-05-12T16:05:02 EDT" name="LoginPageTitleTest" finished-at="2025-05-12T16:05:02 EDT" duration-ms="14" status="PASS">
          <reporter-output>
          </reporter-output>
        </test-method> <!-- LoginPageTitleTest -->
        <test-method is-config="true" signature="tearDown()[pri:0, instance:com.crm.qa.testcases.LoginPageTest@5b247367]" started-at="2025-05-12T16:05:02 EDT" name="tearDown" finished-at="2025-05-12T16:05:02 EDT" duration-ms="194" status="PASS">
          <reporter-output>
          </reporter-output>
        </test-method> <!-- tearDown -->
        <test-method is-config="true" signature="setUp()[pri:0, instance:com.crm.qa.testcases.LoginPageTest@5b247367]" started-at="2025-05-12T16:05:02 EDT" name="setUp" finished-at="2025-05-12T16:05:09 EDT" duration-ms="6806" status="PASS">
          <reporter-output>
          </reporter-output>
        </test-method> <!-- setUp -->
        <test-method signature="LoginTest()[pri:2, instance:com.crm.qa.testcases.LoginPageTest@5b247367]" started-at="2025-05-12T16:05:09 EDT" name="LoginTest" finished-at="2025-05-12T16:05:09 EDT" duration-ms="253" status="PASS">
          <reporter-output>
          </reporter-output>
        </test-method> <!-- LoginTest -->
        <test-method is-config="true" signature="tearDown()[pri:0, instance:com.crm.qa.testcases.LoginPageTest@5b247367]" started-at="2025-05-12T16:05:09 EDT" name="tearDown" finished-at="2025-05-12T16:05:10 EDT" duration-ms="209" status="PASS">
          <reporter-output>
          </reporter-output>
        </test-method> <!-- tearDown -->
      </class> <!-- com.crm.qa.testcases.LoginPageTest -->
    </test> <!-- Free CRM App Test Cases -->
  </suite> <!-- Free CRM Application Test Automation Test Suite -->
</testng-results>
