<?xml version="1.0" encoding="UTF-8"?>
<testng-results ignored="0" total="2" passed="2" failed="0" skipped="0">
  <reporter-output>
  </reporter-output>
  <suite started-at="2025-05-12T20:50:03 EDT" name="Default suite" finished-at="2025-05-12T20:50:17 EDT" duration-ms="14063">
    <groups>
    </groups>
    <test started-at="2025-05-12T20:50:03 EDT" name="Default test" finished-at="2025-05-12T20:50:17 EDT" duration-ms="14063">
      <class name="com.crm.qa.testcases.LoginPageTest">
        <test-method is-config="true" signature="setUp()[pri:0, instance:com.crm.qa.testcases.LoginPageTest@22fcf7ab]" started-at="2025-05-12T20:50:03 EDT" name="setUp" finished-at="2025-05-12T20:50:10 EDT" duration-ms="7260" status="PASS">
          <reporter-output>
          </reporter-output>
        </test-method> <!-- setUp -->
        <test-method signature="LoginPageTitleTest()[pri:1, instance:com.crm.qa.testcases.LoginPageTest@22fcf7ab]" started-at="2025-05-12T20:50:10 EDT" name="LoginPageTitleTest" finished-at="2025-05-12T20:50:10 EDT" duration-ms="15" status="PASS">
          <reporter-output>
          </reporter-output>
        </test-method> <!-- LoginPageTitleTest -->
        <test-method is-config="true" signature="tearDown()[pri:0, instance:com.crm.qa.testcases.LoginPageTest@22fcf7ab]" started-at="2025-05-12T20:50:10 EDT" name="tearDown" finished-at="2025-05-12T20:50:10 EDT" duration-ms="205" status="PASS">
          <reporter-output>
          </reporter-output>
        </test-method> <!-- tearDown -->
        <test-method is-config="true" signature="setUp()[pri:0, instance:com.crm.qa.testcases.LoginPageTest@22fcf7ab]" started-at="2025-05-12T20:50:10 EDT" name="setUp" finished-at="2025-05-12T20:50:16 EDT" duration-ms="6186" status="PASS">
          <reporter-output>
          </reporter-output>
        </test-method> <!-- setUp -->
        <test-method signature="LoginTest()[pri:2, instance:com.crm.qa.testcases.LoginPageTest@22fcf7ab]" started-at="2025-05-12T20:50:16 EDT" name="LoginTest" finished-at="2025-05-12T20:50:16 EDT" duration-ms="185" status="PASS">
          <reporter-output>
          </reporter-output>
        </test-method> <!-- LoginTest -->
        <test-method is-config="true" signature="tearDown()[pri:0, instance:com.crm.qa.testcases.LoginPageTest@22fcf7ab]" started-at="2025-05-12T20:50:16 EDT" name="tearDown" finished-at="2025-05-12T20:50:17 EDT" duration-ms="183" status="PASS">
          <reporter-output>
          </reporter-output>
        </test-method> <!-- tearDown -->
      </class> <!-- com.crm.qa.testcases.LoginPageTest -->
    </test> <!-- Default test -->
  </suite> <!-- Default suite -->
</testng-results>
